<?xml version="1.0" encoding="UTF-8"?>
<!-- Generated by org.testng.reporters.JUnitReportReporter -->
<testsuite skipped="0" hostname="Debashish" name="projects.fox.tests.foxtest" tests="1" failures="0" timestamp="2019-12-24T01:18:18 IST" time="9.789" errors="0">
  <testcase name="test1" time="9.789" classname="projects.fox.tests.foxtest"/>
</testsuite> <!-- projects.fox.tests.foxtest -->
