<?xml version="1.0" encoding="UTF-8"?>
<!-- Generated by org.testng.reporters.JUnitReportReporter -->
<testsuite hostname="INFPHSZA07218" failures="0" tests="1" name="projects.fox.tests.foxtest" time="11.555" errors="0" timestamp="2020-02-12T02:26:29 IST" skipped="0">
  <testcase classname="projects.fox.tests.foxtest" name="test1" time="11.555"/>
</testsuite> <!-- projects.fox.tests.foxtest -->
