<?xml version="1.0" encoding="UTF-8"?>
<!-- Generated by org.testng.reporters.JUnitReportReporter -->
<testsuite hostname="INFPHSZA07218" failures="0" tests="1" name="projects.fox.tests.salesforce_lightening_app_Test" time="12.246" errors="0" timestamp="2020-03-02T00:07:24 IST" skipped="0">
  <testcase classname="projects.fox.tests.salesforce_lightening_app_Test" name="salesforce_lightening_app_Test1" time="12.246"/>
</testsuite> <!-- projects.fox.tests.salesforce_lightening_app_Test -->
