<?xml version="1.0" encoding="UTF-8"?>
<!-- Generated by org.testng.reporters.JUnitReportReporter -->
<testsuite skipped="0" hostname="Debashish" name="projects.fox.tests.foxtest" tests="1" failures="0" timestamp="2019-12-27T02:16:06 IST" time="12.056" errors="0">
  <testcase name="test1" time="12.056" classname="projects.fox.tests.foxtest"/>
</testsuite> <!-- projects.fox.tests.foxtest -->
