<?xml version="1.0" encoding="UTF-8"?>
<!-- Generated by org.testng.reporters.JUnitReportReporter -->
<testsuite hostname="INFPHSZA07218" failures="0" tests="1" name="projects.fox.api.tests.getrequest" time="3.304" errors="0" timestamp="2020-01-30T00:35:53 IST" skipped="0">
  <testcase classname="projects.fox.api.tests.getrequest" name="test1" time="3.304"/>
</testsuite> <!-- projects.fox.api.tests.getrequest -->
