<?xml version="1.0" encoding="UTF-8"?>
<!-- Generated by org.testng.reporters.JUnitReportReporter -->
<testsuite hostname="DESKTOP-1ILH4UB" failures="0" tests="1" name="projects.fox.tests.foxtest" time="12.445" errors="0" timestamp="2020-01-14T22:18:56 IST" skipped="0">
  <testcase classname="projects.fox.tests.foxtest" name="test1" time="12.445"/>
</testsuite> <!-- projects.fox.tests.foxtest -->
