<?xml version="1.0" encoding="UTF-8"?>
<!-- Generated by org.testng.reporters.JUnitReportReporter -->
<testsuite hostname="DESKTOP-1ILH4UB" failures="0" tests="1" name="projects.fox.api.tests.getrequest" time="7.805" errors="0" timestamp="2020-02-04T21:38:28 IST" skipped="0">
  <testcase classname="projects.fox.api.tests.getrequest" name="test1" time="7.805"/>
</testsuite> <!-- projects.fox.api.tests.getrequest -->
