<?xml version="1.0" encoding="UTF-8"?>
<!-- Generated by org.testng.reporters.JUnitReportReporter -->
<testsuite hostname="INFPHSZA07218" failures="0" tests="1" name="projects.fox.tests.foxtest" time="11.523" errors="0" timestamp="2020-01-15T19:10:34 IST" skipped="0">
  <testcase classname="projects.fox.tests.foxtest" name="test1" time="11.523"/>
</testsuite> <!-- projects.fox.tests.foxtest -->
