<?xml version="1.0" encoding="UTF-8"?>
<!-- Generated by org.testng.reporters.JUnitReportReporter -->
<testsuite skipped="0" hostname="Debashish" name="projects.fox.tests.foxtest" tests="1" failures="0" timestamp="2019-12-23T20:30:09 IST" time="4.846" errors="0">
  <testcase name="test1" time="4.846" classname="projects.fox.tests.foxtest"/>
</testsuite> <!-- projects.fox.tests.foxtest -->
