<?xml version="1.0" encoding="UTF-8"?>
<!-- Generated by org.testng.reporters.JUnitReportReporter -->
<testsuite hostname="INFPHSZA07218" failures="0" tests="1" name="projects.fox.tests.draganddroptest" time="44.118" errors="0" timestamp="2020-03-04T16:33:38 IST" skipped="0">
  <testcase classname="projects.fox.tests.draganddroptest" name="test13" time="44.118"/>
</testsuite> <!-- projects.fox.tests.draganddroptest -->
