<?xml version="1.0" encoding="UTF-8"?>
<!-- Generated by org.testng.reporters.JUnitReportReporter -->
<testsuite hostname="INFPHSZA07218" failures="0" tests="1" name="projects.fox.tests.foxtest" time="8.839" errors="0" timestamp="2020-01-14T20:40:38 IST" skipped="0">
  <testcase classname="projects.fox.tests.foxtest" name="test1" time="8.839"/>
</testsuite> <!-- projects.fox.tests.foxtest -->
