<?xml version="1.0" encoding="UTF-8"?>
<!-- Generated by org.testng.reporters.JUnitReportReporter -->
<testsuite hostname="DESKTOP-1ILH4UB" failures="0" tests="1" name="projects.fox.tests.foxtest" time="13.515" errors="0" timestamp="2020-02-05T10:46:38 IST" skipped="0">
  <testcase classname="projects.fox.tests.foxtest" name="test1" time="13.515"/>
</testsuite> <!-- projects.fox.tests.foxtest -->
