<?xml version="1.0" encoding="UTF-8"?>
<!-- Generated by org.testng.reporters.JUnitReportReporter -->
<testsuite hostname="DESKTOP-1ILH4UB" failures="0" tests="1" name="projects.fox.api.tests.postrequest" time="2.921" errors="0" timestamp="2020-02-06T01:06:43 IST" skipped="0">
  <testcase classname="projects.fox.api.tests.postrequest" name="test1" time="2.921"/>
</testsuite> <!-- projects.fox.api.tests.postrequest -->
